<?xml version="1.0" encoding="UTF-8"?>
<testng-results skipped="0" failed="0" ignored="0" total="1" passed="1">
  <reporter-output>
  </reporter-output>
  <suite name="Default suite" duration-ms="21564" started-at="2019-09-13T15:46:29 CDT" finished-at="2019-09-13T15:46:51 CDT">
    <groups>
    </groups>
    <test name="Default test" duration-ms="21564" started-at="2019-09-13T15:46:29 CDT" finished-at="2019-09-13T15:46:51 CDT">
      <class name="test.TestFinalExam">
        <test-method status="PASS" signature="launchBrowser()[pri:0, instance:test.TestFinalExam@47ef968d]" name="launchBrowser" is-config="true" duration-ms="3149" started-at="2019-09-13T15:46:29 CDT" finished-at="2019-09-13T15:46:32 CDT">
          <reporter-output>
          </reporter-output>
        </test-method> <!-- launchBrowser -->
        <test-method status="PASS" signature="validUsersShouldBeAbleToAddaCategory()[pri:0, instance:test.TestFinalExam@47ef968d]" name="validUsersShouldBeAbleToAddaCategory" duration-ms="18370" started-at="2019-09-13T15:46:32 CDT" finished-at="2019-09-13T15:46:51 CDT">
          <reporter-output>
          </reporter-output>
        </test-method> <!-- validUsersShouldBeAbleToAddaCategory -->
      </class> <!-- test.TestFinalExam -->
    </test> <!-- Default test -->
  </suite> <!-- Default suite -->
</testng-results>
